<?xml version="1.0" encoding="UTF-8"?>
<coverage generated="1698144326799" clover="3.2.0">
  <project timestamp="1698144326799" name="All files">
    <metrics statements="137" coveredstatements="89" conditionals="52" coveredconditionals="24" methods="42" coveredmethods="25" elements="231" coveredelements="138" complexity="0" loc="137" ncloc="137" packages="4" files="12" classes="12"/>
    <package name="src">
      <metrics statements="45" coveredstatements="26" conditionals="14" coveredconditionals="2" methods="12" coveredmethods="4"/>
      <file name="App.js" path="/Users/exceptional/Downloads/coding-assignment/src/App.js">
        <metrics statements="40" coveredstatements="21" conditionals="14" coveredconditionals="2" methods="12" coveredmethods="4"/>
        <line num="26" count="3" type="stmt"/>
        <line num="27" count="26" type="stmt"/>
        <line num="28" count="17" type="stmt"/>
        <line num="29" count="17" type="stmt"/>
        <line num="30" count="17" type="stmt"/>
        <line num="31" count="17" type="stmt"/>
        <line num="32" count="17" type="stmt"/>
        <line num="33" count="17" type="stmt"/>
        <line num="34" count="17" type="stmt"/>
        <line num="36" count="17" type="stmt"/>
        <line num="38" count="17" type="stmt"/>
        <line num="40" count="17" type="stmt"/>
        <line num="41" count="0" type="cond" truecount="0" falsecount="2"/>
        <line num="42" count="0" type="stmt"/>
        <line num="43" count="0" type="stmt"/>
        <line num="44" count="0" type="stmt"/>
        <line num="46" count="0" type="stmt"/>
        <line num="47" count="0" type="stmt"/>
        <line num="48" count="0" type="stmt"/>
        <line num="52" count="17" type="stmt"/>
        <line num="53" count="0" type="stmt"/>
        <line num="54" count="0" type="stmt"/>
        <line num="57" count="17" type="stmt"/>
        <line num="58" count="6" type="cond" truecount="1" falsecount="1"/>
        <line num="59" count="0" type="stmt"/>
        <line num="61" count="6" type="stmt"/>
        <line num="65" count="17" type="stmt"/>
        <line num="66" count="0" type="stmt"/>
        <line num="68" count="0" type="stmt"/>
        <line num="71" count="17" type="stmt"/>
        <line num="72" count="0" type="stmt"/>
        <line num="74" count="0" type="stmt"/>
        <line num="75" count="0" type="stmt"/>
        <line num="77" count="0" type="cond" truecount="0" falsecount="4"/>
        <line num="78" count="0" type="stmt"/>
        <line num="79" count="0" type="stmt"/>
        <line num="81" count="0" type="cond" truecount="0" falsecount="2"/>
        <line num="85" count="17" type="stmt"/>
        <line num="86" count="6" type="stmt"/>
        <line num="89" count="17" type="stmt"/>
      </file>
      <file name="constants.js" path="/Users/exceptional/Downloads/coding-assignment/src/constants.js">
        <metrics statements="5" coveredstatements="5" conditionals="0" coveredconditionals="0" methods="0" coveredmethods="0"/>
        <line num="1" count="3" type="stmt"/>
        <line num="2" count="3" type="stmt"/>
        <line num="4" count="3" type="stmt"/>
        <line num="8" count="3" type="stmt"/>
        <line num="10" count="3" type="stmt"/>
      </file>
    </package>
    <package name="src.components">
      <metrics statements="63" coveredstatements="41" conditionals="25" coveredconditionals="14" methods="20" coveredmethods="12"/>
      <file name="Header.jsx" path="/Users/exceptional/Downloads/coding-assignment/src/components/Header.jsx">
        <metrics statements="15" coveredstatements="11" conditionals="5" coveredconditionals="4" methods="5" coveredmethods="3"/>
        <line num="8" count="3" type="stmt"/>
        <line num="10" count="62" type="stmt"/>
        <line num="11" count="53" type="stmt"/>
        <line num="12" count="53" type="stmt"/>
        <line num="14" count="53" type="stmt"/>
        <line num="15" count="36" type="stmt"/>
        <line num="16" count="36" type="stmt"/>
        <line num="17" count="36" type="stmt"/>
        <line num="18" count="36" type="stmt"/>
        <line num="21" count="53" type="stmt"/>
        <line num="24" count="53" type="stmt"/>
        <line num="27" count="0" type="stmt"/>
        <line num="28" count="0" type="stmt"/>
        <line num="29" count="0" type="stmt"/>
        <line num="50" count="0" type="stmt"/>
      </file>
      <file name="Modal.jsx" path="/Users/exceptional/Downloads/coding-assignment/src/components/Modal.jsx">
        <metrics statements="2" coveredstatements="2" conditionals="2" coveredconditionals="2" methods="1" coveredmethods="1"/>
        <line num="5" count="3" type="cond" truecount="2" falsecount="0"/>
        <line num="7" count="2" type="stmt"/>
      </file>
      <file name="Movies.jsx" path="/Users/exceptional/Downloads/coding-assignment/src/components/Movies.jsx">
        <metrics statements="7" coveredstatements="7" conditionals="4" coveredconditionals="2" methods="3" coveredmethods="3"/>
        <line num="8" count="3" type="stmt"/>
        <line num="9" count="21" type="stmt"/>
        <line num="10" count="13" type="stmt"/>
        <line num="11" count="13" type="stmt"/>
        <line num="12" count="13" type="stmt"/>
        <line num="14" count="13" type="stmt"/>
        <line num="18" count="60" type="stmt"/>
      </file>
      <file name="Starred.jsx" path="/Users/exceptional/Downloads/coding-assignment/src/components/Starred.jsx">
        <metrics statements="8" coveredstatements="6" conditionals="4" coveredconditionals="3" methods="4" coveredmethods="2"/>
        <line num="7" count="3" type="stmt"/>
        <line num="9" count="1" type="stmt"/>
        <line num="10" count="1" type="stmt"/>
        <line num="11" count="1" type="stmt"/>
        <line num="12" count="1" type="stmt"/>
        <line num="14" count="1" type="stmt"/>
        <line num="21" count="0" type="stmt"/>
        <line num="30" count="0" type="stmt"/>
      </file>
      <file name="WatchLater.jsx" path="/Users/exceptional/Downloads/coding-assignment/src/components/WatchLater.jsx">
        <metrics statements="8" coveredstatements="6" conditionals="4" coveredconditionals="3" methods="4" coveredmethods="2"/>
        <line num="7" count="3" type="stmt"/>
        <line num="9" count="4" type="stmt"/>
        <line num="10" count="3" type="stmt"/>
        <line num="11" count="3" type="stmt"/>
        <line num="12" count="3" type="stmt"/>
        <line num="14" count="3" type="stmt"/>
        <line num="20" count="0" type="stmt"/>
        <line num="29" count="0" type="stmt"/>
      </file>
      <file name="YoutubePlayer.jsx" path="/Users/exceptional/Downloads/coding-assignment/src/components/YoutubePlayer.jsx">
        <metrics statements="1" coveredstatements="1" conditionals="0" coveredconditionals="0" methods="1" coveredmethods="0"/>
        <line num="3" count="3" type="stmt"/>
      </file>
      <file name="useLoadMore.jsx" path="/Users/exceptional/Downloads/coding-assignment/src/components/useLoadMore.jsx">
        <metrics statements="22" coveredstatements="8" conditionals="6" coveredconditionals="0" methods="2" coveredmethods="1"/>
        <line num="6" count="3" type="stmt"/>
        <line num="7" count="13" type="stmt"/>
        <line num="8" count="13" type="stmt"/>
        <line num="9" count="13" type="stmt"/>
        <line num="10" count="13" type="stmt"/>
        <line num="11" count="13" type="stmt"/>
        <line num="13" count="13" type="stmt"/>
        <line num="14" count="0" type="stmt"/>
        <line num="16" count="0" type="stmt"/>
        <line num="19" count="0" type="cond" truecount="0" falsecount="2"/>
        <line num="20" count="0" type="stmt"/>
        <line num="22" count="0" type="stmt"/>
        <line num="25" count="0" type="stmt"/>
        <line num="27" count="0" type="cond" truecount="0" falsecount="2"/>
        <line num="28" count="0" type="stmt"/>
        <line num="29" count="0" type="cond" truecount="0" falsecount="2"/>
        <line num="30" count="0" type="stmt"/>
        <line num="32" count="0" type="stmt"/>
        <line num="33" count="0" type="stmt"/>
        <line num="37" count="0" type="stmt"/>
        <line num="38" count="0" type="stmt"/>
        <line num="42" count="13" type="stmt"/>
      </file>
    </package>
    <package name="src.data">
      <metrics statements="25" coveredstatements="18" conditionals="10" coveredconditionals="5" methods="8" coveredmethods="7"/>
      <file name="moviesSlice.js" path="/Users/exceptional/Downloads/coding-assignment/src/data/moviesSlice.js">
        <metrics statements="25" coveredstatements="18" conditionals="10" coveredconditionals="5" methods="8" coveredmethods="7"/>
        <line num="3" count="4" type="stmt"/>
        <line num="4" count="6" type="stmt"/>
        <line num="5" count="6" type="stmt"/>
        <line num="6" count="4" type="cond" truecount="1" falsecount="1"/>
        <line num="7" count="0" type="stmt"/>
        <line num="9" count="4" type="stmt"/>
        <line num="11" count="0" type="stmt"/>
        <line num="15" count="4" type="stmt"/>
        <line num="25" count="1" type="stmt"/>
        <line num="26" count="1" type="cond" truecount="1" falsecount="1"/>
        <line num="27" count="0" type="stmt"/>
        <line num="32" count="4" type="stmt"/>
        <line num="34" count="5" type="cond" truecount="2" falsecount="0"/>
        <line num="35" count="4" type="cond" truecount="1" falsecount="1"/>
        <line num="36" count="0" type="cond" truecount="0" falsecount="2"/>
        <line num="37" count="0" type="stmt"/>
        <line num="38" count="0" type="stmt"/>
        <line num="40" count="4" type="stmt"/>
        <line num="41" count="80" type="stmt"/>
        <line num="42" count="0" type="stmt"/>
        <line num="45" count="4" type="stmt"/>
        <line num="48" count="5" type="stmt"/>
        <line num="51" count="7" type="stmt"/>
        <line num="54" count="1" type="stmt"/>
        <line num="59" count="4" type="stmt"/>
      </file>
    </package>
    <package name="src.test">
      <metrics statements="4" coveredstatements="4" conditionals="3" coveredconditionals="3" methods="2" coveredmethods="2"/>
      <file name="movies.mocks.js" path="/Users/exceptional/Downloads/coding-assignment/src/test/movies.mocks.js">
        <metrics statements="1" coveredstatements="1" conditionals="0" coveredconditionals="0" methods="0" coveredmethods="0"/>
        <line num="1" count="1" type="stmt"/>
      </file>
      <file name="utils.js" path="/Users/exceptional/Downloads/coding-assignment/src/test/utils.js">
        <metrics statements="3" coveredstatements="3" conditionals="3" coveredconditionals="3" methods="2" coveredmethods="2"/>
        <line num="27" count="6" type="stmt"/>
        <line num="30" count="6" type="stmt"/>
        <line num="33" count="6" type="stmt"/>
      </file>
    </package>
  </project>
</coverage>
