{"/Users/exceptional/Downloads/coding-assignment/src/App.js": {"path":"/Users/exceptional/Downloads/coding-assignment/src/App.js","statementMap":{"0":{"start":{"line":26,"column":12},"end":{"line":139,"column":1}},"1":{"start":{"line":27,"column":16},"end":{"line":27,"column":45}},"2":{"start":{"line":27,"column":39},"end":{"line":27,"column":44}},"3":{"start":{"line":28,"column":21},"end":{"line":28,"column":26}},"4":{"start":{"line":29,"column":19},"end":{"line":29,"column":32}},"5":{"start":{"line":30,"column":42},"end":{"line":30,"column":59}},"6":{"start":{"line":31,"column":22},"end":{"line":31,"column":48}},"7":{"start":{"line":32,"column":34},"end":{"line":32,"column":44}},"8":{"start":{"line":33,"column":28},"end":{"line":33,"column":43}},"9":{"start":{"line":34,"column":19},"end":{"line":34,"column":32}},"10":{"start":{"line":36,"column":21},"end":{"line":36,"column":41}},"11":{"start":{"line":36,"column":27},"end":{"line":36,"column":41}},"12":{"start":{"line":38,"column":20},"end":{"line":38,"column":28}},"13":{"start":{"line":40,"column":27},"end":{"line":50,"column":3}},"14":{"start":{"line":41,"column":4},"end":{"line":49,"column":5}},"15":{"start":{"line":42,"column":6},"end":{"line":42,"column":65}},"16":{"start":{"line":43,"column":6},"end":{"line":43,"column":61}},"17":{"start":{"line":44,"column":6},"end":{"line":44,"column":36}},"18":{"start":{"line":46,"column":6},"end":{"line":46,"column":47}},"19":{"start":{"line":47,"column":6},"end":{"line":47,"column":26}},"20":{"start":{"line":48,"column":6},"end":{"line":48,"column":37}},"21":{"start":{"line":52,"column":23},"end":{"line":55,"column":3}},"22":{"start":{"line":53,"column":4},"end":{"line":53,"column":18}},"23":{"start":{"line":54,"column":4},"end":{"line":54,"column":28}},"24":{"start":{"line":57,"column":20},"end":{"line":63,"column":3}},"25":{"start":{"line":58,"column":4},"end":{"line":62,"column":5}},"26":{"start":{"line":59,"column":6},"end":{"line":59,"column":71}},"27":{"start":{"line":61,"column":6},"end":{"line":61,"column":47}},"28":{"start":{"line":65,"column":22},"end":{"line":69,"column":3}},"29":{"start":{"line":66,"column":4},"end":{"line":66,"column":23}},"30":{"start":{"line":68,"column":4},"end":{"line":68,"column":18}},"31":{"start":{"line":71,"column":19},"end":{"line":83,"column":3}},"32":{"start":{"line":72,"column":16},"end":{"line":72,"column":86}},"33":{"start":{"line":74,"column":4},"end":{"line":74,"column":22}},"34":{"start":{"line":75,"column":22},"end":{"line":75,"column":74}},"35":{"start":{"line":75,"column":58},"end":{"line":75,"column":73}},"36":{"start":{"line":77,"column":4},"end":{"line":82,"column":5}},"37":{"start":{"line":78,"column":22},"end":{"line":80,"column":7}},"38":{"start":{"line":79,"column":17},"end":{"line":79,"column":39}},"39":{"start":{"line":81,"column":6},"end":{"line":81,"column":75}},"40":{"start":{"line":85,"column":2},"end":{"line":87,"column":9}},"41":{"start":{"line":86,"column":4},"end":{"line":86,"column":16}},"42":{"start":{"line":89,"column":2},"end":{"line":138,"column":4}}},"fnMap":{"0":{"name":"(anonymous_0)","decl":{"start":{"line":26,"column":12},"end":{"line":26,"column":13}},"loc":{"start":{"line":26,"column":18},"end":{"line":139,"column":1}},"line":26},"1":{"name":"(anonymous_1)","decl":{"start":{"line":27,"column":28},"end":{"line":27,"column":29}},"loc":{"start":{"line":27,"column":39},"end":{"line":27,"column":44}},"line":27},"2":{"name":"(anonymous_2)","decl":{"start":{"line":36,"column":21},"end":{"line":36,"column":22}},"loc":{"start":{"line":36,"column":27},"end":{"line":36,"column":41}},"line":36},"3":{"name":"(anonymous_3)","decl":{"start":{"line":38,"column":20},"end":{"line":38,"column":21}},"loc":{"start":{"line":38,"column":26},"end":{"line":38,"column":28}},"line":38},"4":{"name":"(anonymous_4)","decl":{"start":{"line":40,"column":27},"end":{"line":40,"column":28}},"loc":{"start":{"line":40,"column":38},"end":{"line":50,"column":3}},"line":40},"5":{"name":"(anonymous_5)","decl":{"start":{"line":52,"column":23},"end":{"line":52,"column":24}},"loc":{"start":{"line":52,"column":34},"end":{"line":55,"column":3}},"line":52},"6":{"name":"(anonymous_6)","decl":{"start":{"line":57,"column":20},"end":{"line":57,"column":21}},"loc":{"start":{"line":57,"column":26},"end":{"line":63,"column":3}},"line":57},"7":{"name":"(anonymous_7)","decl":{"start":{"line":65,"column":22},"end":{"line":65,"column":23}},"loc":{"start":{"line":65,"column":33},"end":{"line":69,"column":3}},"line":65},"8":{"name":"(anonymous_8)","decl":{"start":{"line":71,"column":19},"end":{"line":71,"column":20}},"loc":{"start":{"line":71,"column":33},"end":{"line":83,"column":3}},"line":71},"9":{"name":"(anonymous_9)","decl":{"start":{"line":75,"column":44},"end":{"line":75,"column":45}},"loc":{"start":{"line":75,"column":58},"end":{"line":75,"column":73}},"line":75},"10":{"name":"(anonymous_10)","decl":{"start":{"line":79,"column":8},"end":{"line":79,"column":9}},"loc":{"start":{"line":79,"column":17},"end":{"line":79,"column":39}},"line":79},"11":{"name":"(anonymous_11)","decl":{"start":{"line":85,"column":12},"end":{"line":85,"column":13}},"loc":{"start":{"line":85,"column":18},"end":{"line":87,"column":3}},"line":85}},"branchMap":{"0":{"loc":{"start":{"line":41,"column":4},"end":{"line":49,"column":5}},"type":"if","locations":[{"start":{"line":41,"column":4},"end":{"line":49,"column":5}},{"start":{"line":45,"column":11},"end":{"line":49,"column":5}}],"line":41},"1":{"loc":{"start":{"line":58,"column":4},"end":{"line":62,"column":5}},"type":"if","locations":[{"start":{"line":58,"column":4},"end":{"line":62,"column":5}},{"start":{"line":60,"column":11},"end":{"line":62,"column":5}}],"line":58},"2":{"loc":{"start":{"line":77,"column":4},"end":{"line":82,"column":5}},"type":"if","locations":[{"start":{"line":77,"column":4},"end":{"line":82,"column":5}},{"start":{},"end":{}}],"line":77},"3":{"loc":{"start":{"line":77,"column":8},"end":{"line":77,"column":59}},"type":"binary-expr","locations":[{"start":{"line":77,"column":8},"end":{"line":77,"column":24}},{"start":{"line":77,"column":28},"end":{"line":77,"column":59}}],"line":77},"4":{"loc":{"start":{"line":81,"column":18},"end":{"line":81,"column":73}},"type":"cond-expr","locations":[{"start":{"line":81,"column":28},"end":{"line":81,"column":39}},{"start":{"line":81,"column":42},"end":{"line":81,"column":73}}],"line":81},"5":{"loc":{"start":{"line":91,"column":7},"end":{"line":101,"column":7}},"type":"binary-expr","locations":[{"start":{"line":91,"column":7},"end":{"line":91,"column":13}},{"start":{"line":92,"column":8},"end":{"line":100,"column":16}}],"line":91},"6":{"loc":{"start":{"line":93,"column":11},"end":{"line":99,"column":11}},"type":"cond-expr","locations":[{"start":{"line":94,"column":12},"end":{"line":94,"column":49}},{"start":{"line":96,"column":12},"end":{"line":98,"column":18}}],"line":93}},"s":{"0":3,"1":17,"2":26,"3":17,"4":17,"5":17,"6":17,"7":17,"8":17,"9":17,"10":17,"11":0,"12":17,"13":17,"14":0,"15":0,"16":0,"17":0,"18":0,"19":0,"20":0,"21":17,"22":0,"23":0,"24":17,"25":6,"26":0,"27":6,"28":17,"29":0,"30":0,"31":17,"32":0,"33":0,"34":0,"35":0,"36":0,"37":0,"38":0,"39":0,"40":17,"41":6,"42":17},"f":{"0":17,"1":26,"2":0,"3":0,"4":0,"5":0,"6":6,"7":0,"8":0,"9":0,"10":0,"11":6},"b":{"0":[0,0],"1":[0,6],"2":[0,0],"3":[0,0],"4":[0,0],"5":[17,0],"6":[0,0]},"_coverageSchema":"1a1c01bbd47fc00a2c39e90264f33305004495a9","hash":"3faf7a678640bbcb683b6ab429bc9d4bff3efd41"}
,"/Users/exceptional/Downloads/coding-assignment/src/constants.js": {"path":"/Users/exceptional/Downloads/coding-assignment/src/constants.js","statementMap":{"0":{"start":{"line":1,"column":23},"end":{"line":1,"column":57}},"1":{"start":{"line":2,"column":24},"end":{"line":2,"column":54}},"2":{"start":{"line":4,"column":2},"end":{"line":7,"column":35}},"3":{"start":{"line":8,"column":31},"end":{"line":8,"column":76}},"4":{"start":{"line":10,"column":2},"end":{"line":10,"column":78}}},"fnMap":{},"branchMap":{},"s":{"0":3,"1":3,"2":3,"3":3,"4":3},"f":{},"b":{},"_coverageSchema":"1a1c01bbd47fc00a2c39e90264f33305004495a9","hash":"7518b94e880dcdd7fecbebfd0f34ab52ffd66022"}
,"/Users/exceptional/Downloads/coding-assignment/src/components/Header.jsx": {"path":"/Users/exceptional/Downloads/coding-assignment/src/components/Header.jsx","statementMap":{"0":{"start":{"line":8,"column":15},"end":{"line":73,"column":1}},"1":{"start":{"line":10,"column":28},"end":{"line":10,"column":65}},"2":{"start":{"line":10,"column":51},"end":{"line":10,"column":64}},"3":{"start":{"line":11,"column":42},"end":{"line":11,"column":54}},"4":{"start":{"line":12,"column":19},"end":{"line":12,"column":32}},"5":{"start":{"line":14,"column":37},"end":{"line":19,"column":3}},"6":{"start":{"line":15,"column":23},"end":{"line":15,"column":37}},"7":{"start":{"line":16,"column":4},"end":{"line":16,"column":23}},"8":{"start":{"line":17,"column":4},"end":{"line":17,"column":24}},"9":{"start":{"line":18,"column":4},"end":{"line":18,"column":31}},"10":{"start":{"line":21,"column":22},"end":{"line":21,"column":46}},"11":{"start":{"line":24,"column":2},"end":{"line":72,"column":3}},"12":{"start":{"line":27,"column":8},"end":{"line":27,"column":25}},"13":{"start":{"line":28,"column":8},"end":{"line":28,"column":28}},"14":{"start":{"line":29,"column":8},"end":{"line":29,"column":39}},"15":{"start":{"line":50,"column":25},"end":{"line":50,"column":51}}},"fnMap":{"0":{"name":"(anonymous_0)","decl":{"start":{"line":8,"column":15},"end":{"line":8,"column":16}},"loc":{"start":{"line":8,"column":37},"end":{"line":73,"column":1}},"line":8},"1":{"name":"(anonymous_1)","decl":{"start":{"line":10,"column":40},"end":{"line":10,"column":41}},"loc":{"start":{"line":10,"column":51},"end":{"line":10,"column":64}},"line":10},"2":{"name":"(anonymous_2)","decl":{"start":{"line":14,"column":37},"end":{"line":14,"column":38}},"loc":{"start":{"line":14,"column":44},"end":{"line":19,"column":3}},"line":14},"3":{"name":"(anonymous_3)","decl":{"start":{"line":26,"column":47},"end":{"line":26,"column":48}},"loc":{"start":{"line":26,"column":53},"end":{"line":30,"column":9}},"line":26},"4":{"name":"(anonymous_4)","decl":{"start":{"line":50,"column":19},"end":{"line":50,"column":20}},"loc":{"start":{"line":50,"column":25},"end":{"line":50,"column":51}},"line":50}},"branchMap":{"0":{"loc":{"start":{"line":36,"column":8},"end":{"line":53,"column":12}},"type":"binary-expr","locations":[{"start":{"line":36,"column":8},"end":{"line":36,"column":34}},{"start":{"line":36,"column":38},"end":{"line":36,"column":68}},{"start":{"line":37,"column":8},"end":{"line":53,"column":12}}],"line":36},"1":{"loc":{"start":{"line":57,"column":11},"end":{"line":64,"column":11}},"type":"cond-expr","locations":[{"start":{"line":58,"column":12},"end":{"line":61,"column":15}},{"start":{"line":63,"column":12},"end":{"line":63,"column":40}}],"line":57}},"s":{"0":3,"1":53,"2":62,"3":53,"4":53,"5":53,"6":36,"7":36,"8":36,"9":36,"10":53,"11":53,"12":0,"13":0,"14":0,"15":0},"f":{"0":53,"1":62,"2":36,"3":0,"4":0},"b":{"0":[53,52,49],"1":[0,53]},"_coverageSchema":"1a1c01bbd47fc00a2c39e90264f33305004495a9","hash":"ef58db1dbe5d32537571754beda3c5e68b475866"}
,"/Users/exceptional/Downloads/coding-assignment/src/components/Modal.jsx": {"path":"/Users/exceptional/Downloads/coding-assignment/src/components/Modal.jsx","statementMap":{"0":{"start":{"line":5,"column":2},"end":{"line":5,"column":27}},"1":{"start":{"line":5,"column":15},"end":{"line":5,"column":27}},"2":{"start":{"line":7,"column":2},"end":{"line":16,"column":4}}},"fnMap":{"0":{"name":"Modal","decl":{"start":{"line":4,"column":9},"end":{"line":4,"column":14}},"loc":{"start":{"line":4,"column":46},"end":{"line":17,"column":1}},"line":4}},"branchMap":{"0":{"loc":{"start":{"line":5,"column":2},"end":{"line":5,"column":27}},"type":"if","locations":[{"start":{"line":5,"column":2},"end":{"line":5,"column":27}},{"start":{},"end":{}}],"line":5}},"s":{"0":3,"1":1,"2":2},"f":{"0":3},"b":{"0":[1,2]},"_coverageSchema":"1a1c01bbd47fc00a2c39e90264f33305004495a9","hash":"c292f719f68847d6bf632b4dbc52d0e4cc8f73be"}
,"/Users/exceptional/Downloads/coding-assignment/src/components/Movies.jsx": {"path":"/Users/exceptional/Downloads/coding-assignment/src/components/Movies.jsx","statementMap":{"0":{"start":{"line":8,"column":15},"end":{"line":37,"column":1}},"1":{"start":{"line":9,"column":16},"end":{"line":9,"column":45}},"2":{"start":{"line":9,"column":39},"end":{"line":9,"column":44}},"3":{"start":{"line":10,"column":34},"end":{"line":10,"column":39}},"4":{"start":{"line":11,"column":19},"end":{"line":11,"column":40}},"5":{"start":{"line":12,"column":61},"end":{"line":12,"column":111}},"6":{"start":{"line":14,"column":2},"end":{"line":36,"column":4}},"7":{"start":{"line":18,"column":10},"end":{"line":23,"column":12}}},"fnMap":{"0":{"name":"(anonymous_0)","decl":{"start":{"line":8,"column":15},"end":{"line":8,"column":16}},"loc":{"start":{"line":8,"column":68},"end":{"line":37,"column":1}},"line":8},"1":{"name":"(anonymous_1)","decl":{"start":{"line":9,"column":28},"end":{"line":9,"column":29}},"loc":{"start":{"line":9,"column":39},"end":{"line":9,"column":44}},"line":9},"2":{"name":"(anonymous_2)","decl":{"start":{"line":17,"column":29},"end":{"line":17,"column":30}},"loc":{"start":{"line":18,"column":10},"end":{"line":23,"column":12}},"line":18}},"branchMap":{"0":{"loc":{"start":{"line":27,"column":9},"end":{"line":33,"column":9}},"type":"cond-expr","locations":[{"start":{"line":28,"column":10},"end":{"line":30,"column":19}},{"start":{"line":32,"column":10},"end":{"line":32,"column":41}}],"line":27},"1":{"loc":{"start":{"line":29,"column":13},"end":{"line":29,"column":58}},"type":"cond-expr","locations":[{"start":{"line":29,"column":25},"end":{"line":29,"column":37}},{"start":{"line":29,"column":40},"end":{"line":29,"column":58}}],"line":29}},"s":{"0":3,"1":13,"2":21,"3":13,"4":13,"5":13,"6":13,"7":60},"f":{"0":13,"1":21,"2":60},"b":{"0":[13,0],"1":[0,13]},"_coverageSchema":"1a1c01bbd47fc00a2c39e90264f33305004495a9","hash":"1815fb7af171a2168fb38bdca4162de03db1efb1"}
,"/Users/exceptional/Downloads/coding-assignment/src/components/Starred.jsx": {"path":"/Users/exceptional/Downloads/coding-assignment/src/components/Starred.jsx","statementMap":{"0":{"start":{"line":7,"column":16},"end":{"line":42,"column":1}},"1":{"start":{"line":9,"column":18},"end":{"line":9,"column":47}},"2":{"start":{"line":9,"column":41},"end":{"line":9,"column":46}},"3":{"start":{"line":10,"column":24},"end":{"line":10,"column":29}},"4":{"start":{"line":11,"column":32},"end":{"line":11,"column":52}},"5":{"start":{"line":12,"column":21},"end":{"line":12,"column":34}},"6":{"start":{"line":14,"column":2},"end":{"line":41,"column":3}},"7":{"start":{"line":21,"column":10},"end":{"line":25,"column":12}},"8":{"start":{"line":30,"column":59},"end":{"line":30,"column":86}}},"fnMap":{"0":{"name":"(anonymous_0)","decl":{"start":{"line":7,"column":16},"end":{"line":7,"column":17}},"loc":{"start":{"line":7,"column":35},"end":{"line":42,"column":1}},"line":7},"1":{"name":"(anonymous_1)","decl":{"start":{"line":9,"column":30},"end":{"line":9,"column":31}},"loc":{"start":{"line":9,"column":41},"end":{"line":9,"column":46}},"line":9},"2":{"name":"(anonymous_2)","decl":{"start":{"line":20,"column":35},"end":{"line":20,"column":36}},"loc":{"start":{"line":21,"column":10},"end":{"line":25,"column":12}},"line":21},"3":{"name":"(anonymous_3)","decl":{"start":{"line":30,"column":53},"end":{"line":30,"column":54}},"loc":{"start":{"line":30,"column":59},"end":{"line":30,"column":86}},"line":30}},"branchMap":{"0":{"loc":{"start":{"line":17,"column":7},"end":{"line":32,"column":13}},"type":"binary-expr","locations":[{"start":{"line":17,"column":7},"end":{"line":17,"column":39}},{"start":{"line":17,"column":44},"end":{"line":32,"column":12}}],"line":17},"1":{"loc":{"start":{"line":34,"column":7},"end":{"line":38,"column":13}},"type":"binary-expr","locations":[{"start":{"line":34,"column":7},"end":{"line":34,"column":41}},{"start":{"line":34,"column":46},"end":{"line":38,"column":12}}],"line":34}},"s":{"0":3,"1":1,"2":1,"3":1,"4":1,"5":1,"6":1,"7":0,"8":0},"f":{"0":1,"1":1,"2":0,"3":0},"b":{"0":[1,0],"1":[1,1]},"_coverageSchema":"1a1c01bbd47fc00a2c39e90264f33305004495a9","hash":"b5a9858010f484251e2cf24f4ece1bc7100f7953"}
,"/Users/exceptional/Downloads/coding-assignment/src/components/WatchLater.jsx": {"path":"/Users/exceptional/Downloads/coding-assignment/src/components/WatchLater.jsx","statementMap":{"0":{"start":{"line":7,"column":19},"end":{"line":40,"column":1}},"1":{"start":{"line":9,"column":18},"end":{"line":9,"column":47}},"2":{"start":{"line":9,"column":41},"end":{"line":9,"column":46}},"3":{"start":{"line":10,"column":27},"end":{"line":10,"column":32}},"4":{"start":{"line":11,"column":35},"end":{"line":11,"column":58}},"5":{"start":{"line":12,"column":21},"end":{"line":12,"column":34}},"6":{"start":{"line":14,"column":2},"end":{"line":39,"column":3}},"7":{"start":{"line":20,"column":10},"end":{"line":24,"column":12}},"8":{"start":{"line":29,"column":59},"end":{"line":29,"column":89}}},"fnMap":{"0":{"name":"(anonymous_0)","decl":{"start":{"line":7,"column":19},"end":{"line":7,"column":20}},"loc":{"start":{"line":7,"column":38},"end":{"line":40,"column":1}},"line":7},"1":{"name":"(anonymous_1)","decl":{"start":{"line":9,"column":30},"end":{"line":9,"column":31}},"loc":{"start":{"line":9,"column":41},"end":{"line":9,"column":46}},"line":9},"2":{"name":"(anonymous_2)","decl":{"start":{"line":19,"column":41},"end":{"line":19,"column":42}},"loc":{"start":{"line":20,"column":10},"end":{"line":24,"column":12}},"line":20},"3":{"name":"(anonymous_3)","decl":{"start":{"line":29,"column":53},"end":{"line":29,"column":54}},"loc":{"start":{"line":29,"column":59},"end":{"line":29,"column":89}},"line":29}},"branchMap":{"0":{"loc":{"start":{"line":16,"column":7},"end":{"line":31,"column":13}},"type":"binary-expr","locations":[{"start":{"line":16,"column":7},"end":{"line":16,"column":45}},{"start":{"line":16,"column":50},"end":{"line":31,"column":12}}],"line":16},"1":{"loc":{"start":{"line":33,"column":7},"end":{"line":37,"column":13}},"type":"binary-expr","locations":[{"start":{"line":33,"column":7},"end":{"line":33,"column":47}},{"start":{"line":33,"column":52},"end":{"line":37,"column":12}}],"line":33}},"s":{"0":3,"1":3,"2":4,"3":3,"4":3,"5":3,"6":3,"7":0,"8":0},"f":{"0":3,"1":4,"2":0,"3":0},"b":{"0":[3,0],"1":[3,3]},"_coverageSchema":"1a1c01bbd47fc00a2c39e90264f33305004495a9","hash":"85ef38376065d045d2f242c52abc26e959029e19"}
,"/Users/exceptional/Downloads/coding-assignment/src/components/YoutubePlayer.jsx": {"path":"/Users/exceptional/Downloads/coding-assignment/src/components/YoutubePlayer.jsx","statementMap":{"0":{"start":{"line":3,"column":22},"end":{"line":11,"column":3}},"1":{"start":{"line":3,"column":41},"end":{"line":11,"column":2}}},"fnMap":{"0":{"name":"(anonymous_0)","decl":{"start":{"line":3,"column":22},"end":{"line":3,"column":23}},"loc":{"start":{"line":3,"column":41},"end":{"line":11,"column":2}},"line":3}},"branchMap":{},"s":{"0":3,"1":0},"f":{"0":0},"b":{},"_coverageSchema":"1a1c01bbd47fc00a2c39e90264f33305004495a9","hash":"4ee61104bc724e05b140ca80f76f6c4e4c11b897"}
,"/Users/exceptional/Downloads/coding-assignment/src/components/useLoadMore.jsx": {"path":"/Users/exceptional/Downloads/coding-assignment/src/components/useLoadMore.jsx","statementMap":{"0":{"start":{"line":6,"column":20},"end":{"line":43,"column":1}},"1":{"start":{"line":7,"column":19},"end":{"line":7,"column":32}},"2":{"start":{"line":8,"column":26},"end":{"line":8,"column":47}},"3":{"start":{"line":9,"column":36},"end":{"line":9,"column":51}},"4":{"start":{"line":10,"column":42},"end":{"line":10,"column":56}},"5":{"start":{"line":11,"column":30},"end":{"line":11,"column":42}},"6":{"start":{"line":13,"column":26},"end":{"line":40,"column":3}},"7":{"start":{"line":14,"column":4},"end":{"line":14,"column":23}},"8":{"start":{"line":16,"column":4},"end":{"line":39,"column":5}},"9":{"start":{"line":19,"column":6},"end":{"line":23,"column":7}},"10":{"start":{"line":20,"column":8},"end":{"line":20,"column":90}},"11":{"start":{"line":22,"column":8},"end":{"line":22,"column":109}},"12":{"start":{"line":25,"column":6},"end":{"line":25,"column":26}},"13":{"start":{"line":27,"column":6},"end":{"line":35,"column":7}},"14":{"start":{"line":28,"column":26},"end":{"line":28,"column":50}},"15":{"start":{"line":29,"column":8},"end":{"line":34,"column":9}},"16":{"start":{"line":30,"column":10},"end":{"line":30,"column":33}},"17":{"start":{"line":32,"column":10},"end":{"line":32,"column":47}},"18":{"start":{"line":33,"column":10},"end":{"line":33,"column":28}},"19":{"start":{"line":37,"column":6},"end":{"line":37,"column":53}},"20":{"start":{"line":38,"column":6},"end":{"line":38,"column":26}},"21":{"start":{"line":42,"column":2},"end":{"line":42,"column":60}}},"fnMap":{"0":{"name":"(anonymous_0)","decl":{"start":{"line":6,"column":20},"end":{"line":6,"column":21}},"loc":{"start":{"line":6,"column":75},"end":{"line":43,"column":1}},"line":6},"1":{"name":"(anonymous_1)","decl":{"start":{"line":13,"column":26},"end":{"line":13,"column":27}},"loc":{"start":{"line":13,"column":38},"end":{"line":40,"column":3}},"line":13}},"branchMap":{"0":{"loc":{"start":{"line":19,"column":6},"end":{"line":23,"column":7}},"type":"if","locations":[{"start":{"line":19,"column":6},"end":{"line":23,"column":7}},{"start":{"line":21,"column":13},"end":{"line":23,"column":7}}],"line":19},"1":{"loc":{"start":{"line":27,"column":6},"end":{"line":35,"column":7}},"type":"if","locations":[{"start":{"line":27,"column":6},"end":{"line":35,"column":7}},{"start":{},"end":{}}],"line":27},"2":{"loc":{"start":{"line":29,"column":8},"end":{"line":34,"column":9}},"type":"if","locations":[{"start":{"line":29,"column":8},"end":{"line":34,"column":9}},{"start":{"line":31,"column":15},"end":{"line":34,"column":9}}],"line":29}},"s":{"0":3,"1":13,"2":13,"3":13,"4":13,"5":13,"6":13,"7":0,"8":0,"9":0,"10":0,"11":0,"12":0,"13":0,"14":0,"15":0,"16":0,"17":0,"18":0,"19":0,"20":0,"21":13},"f":{"0":13,"1":0},"b":{"0":[0,0],"1":[0,0],"2":[0,0]},"_coverageSchema":"1a1c01bbd47fc00a2c39e90264f33305004495a9","hash":"a8385e47e84726d957ba340ee578b30fac1d31ef"}
,"/Users/exceptional/Downloads/coding-assignment/src/data/moviesSlice.js": {"path":"/Users/exceptional/Downloads/coding-assignment/src/data/moviesSlice.js","statementMap":{"0":{"start":{"line":3,"column":27},"end":{"line":13,"column":2}},"1":{"start":{"line":4,"column":2},"end":{"line":12,"column":3}},"2":{"start":{"line":5,"column":21},"end":{"line":5,"column":40}},"3":{"start":{"line":6,"column":4},"end":{"line":8,"column":5}},"4":{"start":{"line":7,"column":6},"end":{"line":7,"column":54}},"5":{"start":{"line":9,"column":4},"end":{"line":9,"column":27}},"6":{"start":{"line":11,"column":4},"end":{"line":11,"column":16}},"7":{"start":{"line":15,"column":20},"end":{"line":57,"column":2}},"8":{"start":{"line":25,"column":6},"end":{"line":25,"column":38}},"9":{"start":{"line":26,"column":6},"end":{"line":28,"column":7}},"10":{"start":{"line":27,"column":8},"end":{"line":27,"column":27}},"11":{"start":{"line":32,"column":4},"end":{"line":55,"column":9}},"12":{"start":{"line":34,"column":8},"end":{"line":47,"column":9}},"13":{"start":{"line":35,"column":10},"end":{"line":46,"column":11}},"14":{"start":{"line":36,"column":12},"end":{"line":38,"column":78}},"15":{"start":{"line":37,"column":14},"end":{"line":37,"column":53}},"16":{"start":{"line":38,"column":17},"end":{"line":38,"column":78}},"17":{"start":{"line":40,"column":31},"end":{"line":44,"column":14}},"18":{"start":{"line":41,"column":14},"end":{"line":43,"column":16}},"19":{"start":{"line":42,"column":35},"end":{"line":42,"column":67}},"20":{"start":{"line":45,"column":12},"end":{"line":45,"column":61}},"21":{"start":{"line":48,"column":8},"end":{"line":48,"column":38}},"22":{"start":{"line":51,"column":8},"end":{"line":51,"column":38}},"23":{"start":{"line":54,"column":8},"end":{"line":54,"column":36}},"24":{"start":{"line":59,"column":33},"end":{"line":59,"column":52}}},"fnMap":{"0":{"name":"(anonymous_0)","decl":{"start":{"line":3,"column":60},"end":{"line":3,"column":61}},"loc":{"start":{"line":3,"column":78},"end":{"line":13,"column":1}},"line":3},"1":{"name":"(anonymous_1)","decl":{"start":{"line":24,"column":19},"end":{"line":24,"column":20}},"loc":{"start":{"line":24,"column":38},"end":{"line":29,"column":5}},"line":24},"2":{"name":"(anonymous_2)","decl":{"start":{"line":31,"column":17},"end":{"line":31,"column":18}},"loc":{"start":{"line":31,"column":30},"end":{"line":56,"column":3}},"line":31},"3":{"name":"(anonymous_3)","decl":{"start":{"line":33,"column":38},"end":{"line":33,"column":39}},"loc":{"start":{"line":33,"column":57},"end":{"line":49,"column":7}},"line":33},"4":{"name":"(anonymous_4)","decl":{"start":{"line":40,"column":61},"end":{"line":40,"column":62}},"loc":{"start":{"line":40,"column":75},"end":{"line":44,"column":13}},"line":40},"5":{"name":"(anonymous_5)","decl":{"start":{"line":42,"column":16},"end":{"line":42,"column":17}},"loc":{"start":{"line":42,"column":35},"end":{"line":42,"column":67}},"line":42},"6":{"name":"(anonymous_6)","decl":{"start":{"line":50,"column":36},"end":{"line":50,"column":37}},"loc":{"start":{"line":50,"column":47},"end":{"line":52,"column":7}},"line":50},"7":{"name":"(anonymous_7)","decl":{"start":{"line":53,"column":37},"end":{"line":53,"column":38}},"loc":{"start":{"line":53,"column":48},"end":{"line":55,"column":7}},"line":53}},"branchMap":{"0":{"loc":{"start":{"line":6,"column":4},"end":{"line":8,"column":5}},"type":"if","locations":[{"start":{"line":6,"column":4},"end":{"line":8,"column":5}},{"start":{},"end":{}}],"line":6},"1":{"loc":{"start":{"line":26,"column":6},"end":{"line":28,"column":7}},"type":"if","locations":[{"start":{"line":26,"column":6},"end":{"line":28,"column":7}},{"start":{},"end":{}}],"line":26},"2":{"loc":{"start":{"line":34,"column":8},"end":{"line":47,"column":9}},"type":"if","locations":[{"start":{"line":34,"column":8},"end":{"line":47,"column":9}},{"start":{},"end":{}}],"line":34},"3":{"loc":{"start":{"line":35,"column":10},"end":{"line":46,"column":11}},"type":"if","locations":[{"start":{"line":35,"column":10},"end":{"line":46,"column":11}},{"start":{"line":39,"column":17},"end":{"line":46,"column":11}}],"line":35},"4":{"loc":{"start":{"line":36,"column":12},"end":{"line":38,"column":78}},"type":"if","locations":[{"start":{"line":36,"column":12},"end":{"line":38,"column":78}},{"start":{"line":38,"column":17},"end":{"line":38,"column":78}}],"line":36}},"s":{"0":4,"1":6,"2":6,"3":4,"4":0,"5":4,"6":0,"7":4,"8":1,"9":1,"10":0,"11":4,"12":5,"13":4,"14":0,"15":0,"16":0,"17":4,"18":80,"19":0,"20":4,"21":5,"22":7,"23":1,"24":4},"f":{"0":6,"1":1,"2":4,"3":5,"4":80,"5":0,"6":7,"7":1},"b":{"0":[0,4],"1":[0,1],"2":[4,1],"3":[0,4],"4":[0,0]},"_coverageSchema":"1a1c01bbd47fc00a2c39e90264f33305004495a9","hash":"c2f8de2ee0b2d50b35985056208d0f2f428e7ea0"}
,"/Users/exceptional/Downloads/coding-assignment/src/test/movies.mocks.js": {"path":"/Users/exceptional/Downloads/coding-assignment/src/test/movies.mocks.js","statementMap":{"0":{"start":{"line":1,"column":26},"end":{"line":16,"column":1}}},"fnMap":{},"branchMap":{},"s":{"0":1},"f":{},"b":{},"_coverageSchema":"1a1c01bbd47fc00a2c39e90264f33305004495a9","hash":"18de1afd66d33b660afeeaf808d0cc74550efbf3"}
,"/Users/exceptional/Downloads/coding-assignment/src/test/utils.js": {"path":"/Users/exceptional/Downloads/coding-assignment/src/test/utils.js","statementMap":{"0":{"start":{"line":27,"column":2},"end":{"line":27,"column":32}},"1":{"start":{"line":30,"column":4},"end":{"line":30,"column":88}},"2":{"start":{"line":33,"column":2},"end":{"line":33,"column":74}}},"fnMap":{"0":{"name":"renderWithProviders","decl":{"start":{"line":11,"column":16},"end":{"line":11,"column":35}},"loc":{"start":{"line":25,"column":2},"end":{"line":34,"column":1}},"line":25},"1":{"name":"Wrapper","decl":{"start":{"line":29,"column":11},"end":{"line":29,"column":18}},"loc":{"start":{"line":29,"column":33},"end":{"line":31,"column":3}},"line":29}},"branchMap":{"0":{"loc":{"start":{"line":13,"column":2},"end":{"line":24,"column":8}},"type":"default-arg","locations":[{"start":{"line":24,"column":6},"end":{"line":24,"column":8}}],"line":13},"1":{"loc":{"start":{"line":14,"column":4},"end":{"line":14,"column":23}},"type":"default-arg","locations":[{"start":{"line":14,"column":21},"end":{"line":14,"column":23}}],"line":14},"2":{"loc":{"start":{"line":15,"column":4},"end":{"line":22,"column":6}},"type":"default-arg","locations":[{"start":{"line":15,"column":12},"end":{"line":22,"column":6}}],"line":15}},"s":{"0":6,"1":6,"2":6},"f":{"0":6,"1":6},"b":{"0":[6],"1":[6],"2":[6]},"_coverageSchema":"1a1c01bbd47fc00a2c39e90264f33305004495a9","hash":"386d2fa756215020efeed20055ac5d141e67a1f0"}
}
