TN:
SF:src/App.js
FN:26,(anonymous_0)
FN:27,(anonymous_1)
FN:36,(anonymous_2)
FN:38,(anonymous_3)
FN:40,(anonymous_4)
FN:52,(anonymous_5)
FN:57,(anonymous_6)
FN:65,(anonymous_7)
FN:71,(anonymous_8)
FN:75,(anonymous_9)
FN:79,(anonymous_10)
FN:85,(anonymous_11)
FNF:12
FNH:4
FNDA:17,(anonymous_0)
FNDA:26,(anonymous_1)
FNDA:0,(anonymous_2)
FNDA:0,(anonymous_3)
FNDA:0,(anonymous_4)
FNDA:0,(anonymous_5)
FNDA:6,(anonymous_6)
FNDA:0,(anonymous_7)
FNDA:0,(anonymous_8)
FNDA:0,(anonymous_9)
FNDA:0,(anonymous_10)
FNDA:6,(anonymous_11)
DA:26,3
DA:27,26
DA:28,17
DA:29,17
DA:30,17
DA:31,17
DA:32,17
DA:33,17
DA:34,17
DA:36,17
DA:38,17
DA:40,17
DA:41,0
DA:42,0
DA:43,0
DA:44,0
DA:46,0
DA:47,0
DA:48,0
DA:52,17
DA:53,0
DA:54,0
DA:57,17
DA:58,6
DA:59,0
DA:61,6
DA:65,17
DA:66,0
DA:68,0
DA:71,17
DA:72,0
DA:74,0
DA:75,0
DA:77,0
DA:78,0
DA:79,0
DA:81,0
DA:85,17
DA:86,6
DA:89,17
LF:40
LH:21
BRDA:41,0,0,0
BRDA:41,0,1,0
BRDA:58,1,0,0
BRDA:58,1,1,6
BRDA:77,2,0,0
BRDA:77,2,1,0
BRDA:77,3,0,0
BRDA:77,3,1,0
BRDA:81,4,0,0
BRDA:81,4,1,0
BRDA:91,5,0,17
BRDA:91,5,1,0
BRDA:93,6,0,0
BRDA:93,6,1,0
BRF:14
BRH:2
end_of_record
TN:
SF:src/constants.js
FNF:0
FNH:0
DA:1,3
DA:2,3
DA:4,3
DA:8,3
DA:10,3
LF:5
LH:5
BRF:0
BRH:0
end_of_record
TN:
SF:src/components/Header.jsx
FN:8,(anonymous_0)
FN:10,(anonymous_1)
FN:14,(anonymous_2)
FN:26,(anonymous_3)
FN:50,(anonymous_4)
FNF:5
FNH:3
FNDA:53,(anonymous_0)
FNDA:62,(anonymous_1)
FNDA:36,(anonymous_2)
FNDA:0,(anonymous_3)
FNDA:0,(anonymous_4)
DA:8,3
DA:10,62
DA:11,53
DA:12,53
DA:14,53
DA:15,36
DA:16,36
DA:17,36
DA:18,36
DA:21,53
DA:24,53
DA:27,0
DA:28,0
DA:29,0
DA:50,0
LF:15
LH:11
BRDA:36,0,0,53
BRDA:36,0,1,52
BRDA:36,0,2,49
BRDA:57,1,0,0
BRDA:57,1,1,53
BRF:5
BRH:4
end_of_record
TN:
SF:src/components/Modal.jsx
FN:4,Modal
FNF:1
FNH:1
FNDA:3,Modal
DA:5,3
DA:7,2
LF:2
LH:2
BRDA:5,0,0,1
BRDA:5,0,1,2
BRF:2
BRH:2
end_of_record
TN:
SF:src/components/Movies.jsx
FN:8,(anonymous_0)
FN:9,(anonymous_1)
FN:17,(anonymous_2)
FNF:3
FNH:3
FNDA:13,(anonymous_0)
FNDA:21,(anonymous_1)
FNDA:60,(anonymous_2)
DA:8,3
DA:9,21
DA:10,13
DA:11,13
DA:12,13
DA:14,13
DA:18,60
LF:7
LH:7
BRDA:27,0,0,13
BRDA:27,0,1,0
BRDA:29,1,0,0
BRDA:29,1,1,13
BRF:4
BRH:2
end_of_record
TN:
SF:src/components/Starred.jsx
FN:7,(anonymous_0)
FN:9,(anonymous_1)
FN:20,(anonymous_2)
FN:30,(anonymous_3)
FNF:4
FNH:2
FNDA:1,(anonymous_0)
FNDA:1,(anonymous_1)
FNDA:0,(anonymous_2)
FNDA:0,(anonymous_3)
DA:7,3
DA:9,1
DA:10,1
DA:11,1
DA:12,1
DA:14,1
DA:21,0
DA:30,0
LF:8
LH:6
BRDA:17,0,0,1
BRDA:17,0,1,0
BRDA:34,1,0,1
BRDA:34,1,1,1
BRF:4
BRH:3
end_of_record
TN:
SF:src/components/WatchLater.jsx
FN:7,(anonymous_0)
FN:9,(anonymous_1)
FN:19,(anonymous_2)
FN:29,(anonymous_3)
FNF:4
FNH:2
FNDA:3,(anonymous_0)
FNDA:4,(anonymous_1)
FNDA:0,(anonymous_2)
FNDA:0,(anonymous_3)
DA:7,3
DA:9,4
DA:10,3
DA:11,3
DA:12,3
DA:14,3
DA:20,0
DA:29,0
LF:8
LH:6
BRDA:16,0,0,3
BRDA:16,0,1,0
BRDA:33,1,0,3
BRDA:33,1,1,3
BRF:4
BRH:3
end_of_record
TN:
SF:src/components/YoutubePlayer.jsx
FN:3,(anonymous_0)
FNF:1
FNH:0
FNDA:0,(anonymous_0)
DA:3,3
LF:1
LH:1
BRF:0
BRH:0
end_of_record
TN:
SF:src/components/useLoadMore.jsx
FN:6,(anonymous_0)
FN:13,(anonymous_1)
FNF:2
FNH:1
FNDA:13,(anonymous_0)
FNDA:0,(anonymous_1)
DA:6,3
DA:7,13
DA:8,13
DA:9,13
DA:10,13
DA:11,13
DA:13,13
DA:14,0
DA:16,0
DA:19,0
DA:20,0
DA:22,0
DA:25,0
DA:27,0
DA:28,0
DA:29,0
DA:30,0
DA:32,0
DA:33,0
DA:37,0
DA:38,0
DA:42,13
LF:22
LH:8
BRDA:19,0,0,0
BRDA:19,0,1,0
BRDA:27,1,0,0
BRDA:27,1,1,0
BRDA:29,2,0,0
BRDA:29,2,1,0
BRF:6
BRH:0
end_of_record
TN:
SF:src/data/moviesSlice.js
FN:3,(anonymous_0)
FN:24,(anonymous_1)
FN:31,(anonymous_2)
FN:33,(anonymous_3)
FN:40,(anonymous_4)
FN:42,(anonymous_5)
FN:50,(anonymous_6)
FN:53,(anonymous_7)
FNF:8
FNH:7
FNDA:6,(anonymous_0)
FNDA:1,(anonymous_1)
FNDA:4,(anonymous_2)
FNDA:5,(anonymous_3)
FNDA:80,(anonymous_4)
FNDA:0,(anonymous_5)
FNDA:7,(anonymous_6)
FNDA:1,(anonymous_7)
DA:3,4
DA:4,6
DA:5,6
DA:6,4
DA:7,0
DA:9,4
DA:11,0
DA:15,4
DA:25,1
DA:26,1
DA:27,0
DA:32,4
DA:34,5
DA:35,4
DA:36,0
DA:37,0
DA:38,0
DA:40,4
DA:41,80
DA:42,0
DA:45,4
DA:48,5
DA:51,7
DA:54,1
DA:59,4
LF:25
LH:18
BRDA:6,0,0,0
BRDA:6,0,1,4
BRDA:26,1,0,0
BRDA:26,1,1,1
BRDA:34,2,0,4
BRDA:34,2,1,1
BRDA:35,3,0,0
BRDA:35,3,1,4
BRDA:36,4,0,0
BRDA:36,4,1,0
BRF:10
BRH:5
end_of_record
TN:
SF:src/test/movies.mocks.js
FNF:0
FNH:0
DA:1,1
LF:1
LH:1
BRF:0
BRH:0
end_of_record
TN:
SF:src/test/utils.js
FN:11,renderWithProviders
FN:29,Wrapper
FNF:2
FNH:2
FNDA:6,renderWithProviders
FNDA:6,Wrapper
DA:27,6
DA:30,6
DA:33,6
LF:3
LH:3
BRDA:13,0,0,6
BRDA:14,1,0,6
BRDA:15,2,0,6
BRF:3
BRH:3
end_of_record
